<?xml version="1.0" encoding="UTF-8"?>
<testsuite xmlns:xsi="http://www.w3.org/2001/XMLSchema-instance" xsi:noNamespaceSchemaLocation="https://maven.apache.org/surefire/maven-surefire-plugin/xsd/surefire-test-report-3.0.xsd" version="3.0" name="com.mycompany.app.AppTest" time="0.015" tests="5" errors="0" skipped="0" failures="0">
  <properties>
[...]
</properties>
  <testcase name="testValidParameters" classname="com.mycompany.app.AppTest" time="0.006">
    <system-out><![CDATA[average of first term notes: 87.5
average of second term notes: 87.5
Students First Term Lectures:
+-------------------------+
| Lectures                |
+-------------------------+
| Math                   |
| Science                |
+-------------------------+

Students Second Term Lectures:
+-------------------------+
| Lectures                |
+-------------------------+
| History                |
| English                |
+-------------------------+
student succeeds first semester
student succeeds second semester
]]></system-out>
  </testcase>
  <testcase name="testNullFullName" classname="com.mycompany.app.AppTest" time="0.001">
    <system-out><![CDATA[invalid name
]]></system-out>
  </testcase>
  <testcase name="testEmptyFullName" classname="com.mycompany.app.AppTest" time="0.0">
    <system-out><![CDATA[invalid name
]]></system-out>
  </testcase>
  <testcase name="testInvalidAge" classname="com.mycompany.app.AppTest" time="0.0">
    <system-out><![CDATA[student's age is not suitable
]]></system-out>
  </testcase>
  <testcase name="testInvalidNotes" classname="com.mycompany.app.AppTest" time="0.0">
    <system-out><![CDATA[term1 notes are invalid
]]></system-out>
  </testcase>
</testsuite>