<?xml version="1.0" encoding="UTF-8"?>
<testsuite xmlns:xsi="http://www.w3.org/2001/XMLSchema-instance" xsi:noNamespaceSchemaLocation="https://maven.apache.org/surefire/maven-surefire-plugin/xsd/surefire-test-report-3.0.xsd" version="3.0" name="com.mycompany.app.AppTest" time="0.011" tests="4" errors="0" skipped="0" failures="0">
  <properties>
[...]
</properties>
  <testcase name="testNotFound" classname="com.mycompany.app.AppTest" time="0.002">
    <system-out><![CDATA[inside search
]]></system-out>
  </testcase>
  <testcase name="testEmptyArray" classname="com.mycompany.app.AppTest" time="0.0">
    <system-out><![CDATA[inside search
]]></system-out>
  </testcase>
  <testcase name="testFound" classname="com.mycompany.app.AppTest" time="0.0">
    <system-out><![CDATA[inside search
]]></system-out>
  </testcase>
  <testcase name="testNull" classname="com.mycompany.app.AppTest" time="0.0">
    <system-out><![CDATA[inside search
]]></system-out>
  </testcase>
</testsuite>